00:00:00.302419 VirtualBox GUI VM Selector Window 6.1.22 r144080 linux.amd64 (May 11 2021 19:59:25) release log
00:00:00.302421 Log opened 2021-05-22T07:48:58.631297000Z
00:00:00.302422 Build Type: release
00:00:00.302424 OS Product: Linux
00:00:00.302425 OS Release: 5.10.36-2-MANJARO
00:00:00.302426 OS Version: #1 SMP PREEMPT Tue May 11 19:38:44 UTC 2021
00:00:00.302446 DMI Product Name: 80E4
00:00:00.302454 DMI Product Version: Lenovo G40-80
00:00:00.302458 Firmware type: UEFI
00:00:00.303286 Secure Boot: Disabled
00:00:00.303340 Host RAM: 7873MB (7.6GB) total, 6006MB (5.8GB) available
00:00:00.303343 Executable: /usr/lib/virtualbox/VirtualBox
00:00:00.303344 Process ID: 10373
00:00:00.303344 Package type: LINUX_64BITS_GENERIC (OSE)
00:00:00.303380 Qt version: 5.15.2
00:00:00.308651 GUI: UIMediumEnumerator: Medium-enumeration started...
00:00:00.777045 GUI: UIDesktopWidgetWatchdog::sltHandleHostScreenAvailableGeometryCalculated: Screen 0 work area is actually resized to: 30x58 x 636x650
00:00:00.797465 GUI: UIMediumEnumerator: Medium-enumeration finished!
00:04:23.565395 GUI: UIMediumEnumerator: Medium-enumeration started...
00:04:23.596337 GUI: UIMediumEnumerator: Medium-enumeration finished!
