00:00:00.000174 main     VirtualBox XPCOM Server 6.1.22 r144080 linux.amd64 (May 11 2021 19:59:25) release log
00:00:00.000175 main     Log opened 2021-05-22T07:48:58.481198000Z
00:00:00.000176 main     Build Type: release
00:00:00.000178 main     OS Product: Linux
00:00:00.000179 main     OS Release: 5.10.36-2-MANJARO
00:00:00.000180 main     OS Version: #1 SMP PREEMPT Tue May 11 19:38:44 UTC 2021
00:00:00.000197 main     DMI Product Name: 80E4
00:00:00.000207 main     DMI Product Version: Lenovo G40-80
00:00:00.000211 main     Firmware type: UEFI
00:00:00.001000 main     Secure Boot: Disabled
00:00:00.001046 main     Host RAM: 7873MB (7.6GB) total, 6009MB (5.8GB) available
00:00:00.001048 main     Executable: /usr/lib/virtualbox/VBoxSVC
00:00:00.001048 main     Process ID: 10401
00:00:00.001049 main     Package type: LINUX_64BITS_GENERIC (OSE)
00:00:00.002798 main     IPC socket path: /tmp/.vbox-ghostrecon-ipc/ipcd
00:00:00.107630 nspr-2   VirtualBox: object creation starts
00:00:00.107697 nspr-2   Home directory: '/home/ghostrecon/.config/VirtualBox'
00:00:00.107803 nspr-2   Loading settings file "/home/ghostrecon/.config/VirtualBox/VirtualBox.xml" with version "1.12-linux"
00:00:00.112853 nspr-2   NetIfAdpCtlOut: VBoxNetAdpCtl: Error while retrieving link speed for wlp3s0: VBoxNetAdpCtl: ioctl failed: Operation not supported
00:00:00.113243 nspr-2   HostDnsMonitor: initializing
00:00:00.113518 nspr-2   NAT: resolv.conf: nameserver 192.168.100.1
00:00:00.113527 nspr-2   NAT: resolv.conf: FIXME: ignoring IPv6 zone %wlp3s0
00:00:00.113530 nspr-2   NAT: resolv.conf: nameserver fe80::1
00:00:00.113537 nspr-2   HostDnsMonitor: updating information
00:00:00.113557 nspr-2   HostDnsMonitor: old information
00:00:00.113560 nspr-2     no server entries
00:00:00.113562 nspr-2     no domain set
00:00:00.113565 nspr-2     no search string entries
00:00:00.113567 nspr-2   HostDnsMonitor: new information
00:00:00.113570 nspr-2     server 1: 192.168.100.1
00:00:00.113573 nspr-2     server 2: fe80::1%wlp3s0
00:00:00.113575 nspr-2     no domain set
00:00:00.113578 nspr-2     no search string entries
00:00:00.116212 nspr-2   VD: VDInit finished with VINF_SUCCESS
00:00:00.116724 nspr-2   VirtualBox: object created
00:00:19.216603 nspr-2   Import settings with version "1.16-windows"
00:00:19.219981 nspr-2   ERROR [COM]: aRC=VBOX_E_OBJECT_NOT_FOUND (0x80bb0001) aIID={d0a0163f-e254-4e5b-a1f2-011cf991c38d} aComponent={VirtualBoxWrap} aText={Could not find a registered machine named 'Kali-Linux-2021.1-vbox-amd64'}, preserve=false aResultDetail=0
00:00:19.220081 nspr-2   ERROR [COM]: aRC=VBOX_E_FILE_ERROR (0x80bb0004) aIID={ad47ad09-787b-44ab-b343-a082a3f2dfb1} aComponent={MediumWrap} aText={Could not find file for the medium '/home/ghostrecon/VirtualBox VMs/Kali-Linux-2021.1-vbox-amd64/kali-linux-2021.1-vbox-amd64-disk001.vmdk' (VERR_FILE_NOT_FOUND)}, preserve=false aResultDetail=-102
00:04:21.971370 createImport Saving settings file "/home/ghostrecon/.config/VirtualBox/VirtualBox.xml" with version "1.12-linux"
00:04:22.093581 ApplImp  Saving settings file "/home/ghostrecon/VirtualBox VMs/Kali-Linux-2021.1-vbox-amd64/Kali-Linux-2021.1-vbox-amd64.vbox" with version "1.16-linux"
00:04:22.160984 ApplImp  Saving settings file "/home/ghostrecon/.config/VirtualBox/VirtualBox.xml" with version "1.12-linux"
00:04:23.182403 nspr-4   WARNING [COM]: aRC=NS_ERROR_FAILURE (0x80004005) aIID={16ced992-5fdc-4aba-aff5-6a39bbd7c38b} aComponent={HostWrap} aText={VirtualBox is not currently allowed to access USB devices.  You can change this by adding your user to the 'vboxusers' group.  Please see the user manual for a more detailed explanation}, preserve=true  aResultDetail=0
00:04:23.469793 nspr-3   WARNING [COM]: aRC=NS_ERROR_FAILURE (0x80004005) aIID={16ced992-5fdc-4aba-aff5-6a39bbd7c38b} aComponent={HostWrap} aText={VirtualBox is not currently allowed to access USB devices.  You can change this by adding your user to the 'vboxusers' group.  Please see the user manual for a more detailed explanation}, preserve=true  aResultDetail=0
00:04:23.471431 nspr-3   WARNING [COM]: aRC=NS_ERROR_FAILURE (0x80004005) aIID={16ced992-5fdc-4aba-aff5-6a39bbd7c38b} aComponent={HostWrap} aText={VirtualBox is not currently allowed to access USB devices.  You can change this by adding your user to the 'vboxusers' group.  Please see the user manual for a more detailed explanation}, preserve=true  aResultDetail=0
00:09:06.545145 dns-monitor HostDnsMonitor: updating information
00:09:06.545186 dns-monitor HostDnsMonitor: old information
00:09:06.545191 dns-monitor   server 1: 192.168.100.1
00:09:06.545194 dns-monitor   server 2: fe80::1%wlp3s0
00:09:06.545197 dns-monitor   no domain set
00:09:06.545200 dns-monitor   no search string entries
00:09:06.545202 dns-monitor HostDnsMonitor: new information
00:09:06.545205 dns-monitor   no server entries
00:09:06.545208 dns-monitor   no domain set
00:09:06.545210 dns-monitor   no search string entries
00:09:10.956388 main     VirtualBox: object deletion starts
00:09:10.956487 main     ERROR [COM]: aRC=VBOX_E_OBJECT_IN_USE (0x80bb000c) aIID={ad47ad09-787b-44ab-b343-a082a3f2dfb1} aComponent={MediumWrap} aText={Medium '/home/ghostrecon/VirtualBox VMs/Kali-Linux-2021.1-vbox-amd64/kali-linux-2021.1-vbox-amd64-disk001.vdi' cannot be closed because it is still attached to 1 virtual machines}, preserve=false aResultDetail=0
00:09:10.957401 main     HostDnsMonitor: shutting down ...
00:09:10.970886 main     HostDnsMonitor: shut down
00:09:11.219698 Watcher  ERROR [COM]: aRC=E_ACCESSDENIED (0x80070005) aIID={d0a0163f-e254-4e5b-a1f2-011cf991c38d} aComponent={VirtualBoxWrap} aText={The object is not ready}, preserve=false aResultDetail=0
00:09:15.971053 main     {00007f61f4014cc0} HostPowerServiceLinux::~HostPowerServiceLinux: RTThreadWait() for 5000 ms failed with VERR_TIMEOUT
00:09:15.972127 main     VirtualBox: object deleted
